 def main ( ) : void { NL int ID = INTEGER_LITERAL NL return INTEGER_LITERAL NL INTEGER_LITERAL NL } $
 def main ( ) : void { NL int ID = INTEGER_LITERAL NL return INTEGER_LITERAL NL INTEGER_LITERAL NL } $
 def main ( ) : void { NL int ID = INTEGER_LITERAL NL return INTEGER_LITERAL NL INTEGER_LITERAL NL } $
 main ( ) : void { NL int ID = INTEGER_LITERAL NL return INTEGER_LITERAL NL INTEGER_LITERAL NL } $
 ( ) : void { NL int ID = INTEGER_LITERAL NL return INTEGER_LITERAL NL INTEGER_LITERAL NL } $
 ) : void { NL int ID = INTEGER_LITERAL NL return INTEGER_LITERAL NL INTEGER_LITERAL NL } $
 : void { NL int ID = INTEGER_LITERAL NL return INTEGER_LITERAL NL INTEGER_LITERAL NL } $
 void { NL int ID = INTEGER_LITERAL NL return INTEGER_LITERAL NL INTEGER_LITERAL NL } $
 { NL int ID = INTEGER_LITERAL NL return INTEGER_LITERAL NL INTEGER_LITERAL NL } $
 { NL int ID = INTEGER_LITERAL NL return INTEGER_LITERAL NL INTEGER_LITERAL NL } $
 { NL int ID = INTEGER_LITERAL NL return INTEGER_LITERAL NL INTEGER_LITERAL NL } $
 NL int ID = INTEGER_LITERAL NL return INTEGER_LITERAL NL INTEGER_LITERAL NL } $
 int ID = INTEGER_LITERAL NL return INTEGER_LITERAL NL INTEGER_LITERAL NL } $
 int ID = INTEGER_LITERAL NL return INTEGER_LITERAL NL INTEGER_LITERAL NL } $
 int ID = INTEGER_LITERAL NL return INTEGER_LITERAL NL INTEGER_LITERAL NL } $
 int ID = INTEGER_LITERAL NL return INTEGER_LITERAL NL INTEGER_LITERAL NL } $
 int ID = INTEGER_LITERAL NL return INTEGER_LITERAL NL INTEGER_LITERAL NL } $
 ID = INTEGER_LITERAL NL return INTEGER_LITERAL NL INTEGER_LITERAL NL } $
 ID = INTEGER_LITERAL NL return INTEGER_LITERAL NL INTEGER_LITERAL NL } $
 ID = INTEGER_LITERAL NL return INTEGER_LITERAL NL INTEGER_LITERAL NL } $
 ID = INTEGER_LITERAL NL return INTEGER_LITERAL NL INTEGER_LITERAL NL } $
 ID = INTEGER_LITERAL NL return INTEGER_LITERAL NL INTEGER_LITERAL NL } $
 = INTEGER_LITERAL NL return INTEGER_LITERAL NL INTEGER_LITERAL NL } $
 INTEGER_LITERAL NL return INTEGER_LITERAL NL INTEGER_LITERAL NL } $
 NL return INTEGER_LITERAL NL INTEGER_LITERAL NL } $
 NL return INTEGER_LITERAL NL INTEGER_LITERAL NL } $
 NL return INTEGER_LITERAL NL INTEGER_LITERAL NL } $
 NL return INTEGER_LITERAL NL INTEGER_LITERAL NL } $
 NL return INTEGER_LITERAL NL INTEGER_LITERAL NL } $
 return INTEGER_LITERAL NL INTEGER_LITERAL NL } $
 return INTEGER_LITERAL NL INTEGER_LITERAL NL } $
 return INTEGER_LITERAL NL INTEGER_LITERAL NL } $
 return INTEGER_LITERAL NL INTEGER_LITERAL NL } $
 return INTEGER_LITERAL NL INTEGER_LITERAL NL } $
 return INTEGER_LITERAL NL INTEGER_LITERAL NL } $
 return INTEGER_LITERAL NL INTEGER_LITERAL NL } $
 INTEGER_LITERAL NL INTEGER_LITERAL NL } $
 NL INTEGER_LITERAL NL } $
 NL INTEGER_LITERAL NL } $
 NL INTEGER_LITERAL NL } $
 NL INTEGER_LITERAL NL } $
 NL INTEGER_LITERAL NL } $
 INTEGER_LITERAL NL } $
 INTEGER_LITERAL NL } $
 INTEGER_LITERAL NL } $
 INTEGER_LITERAL NL } $
 INTEGER_LITERAL NL } $
 NL } $
 NL } $
 NL } $
 NL } $
 NL } $
 } $
 } $
 } $
 } $
 } $
 $
 $
 $
 $
 $
 $
 $
