 0
 5 def 0
 10 main 5 def 0
 12 ( 10 main 5 def 0
 14 ) 12 ( 10 main 5 def 0
 24 : 14 ) 12 ( 10 main 5 def 0
 28 void 24 : 14 ) 12 ( 10 main 5 def 0
 LINS 28 void 24 : 14 ) 12 ( 10 main 5 def 0
 32 LINS 28 void 24 : 14 ) 12 ( 10 main 5 def 0
 36 { 32 LINS 28 void 24 : 14 ) 12 ( 10 main 5 def 0
 9 NL 36 { 32 LINS 28 void 24 : 14 ) 12 ( 10 main 5 def 0
 LINS 36 { 32 LINS 28 void 24 : 14 ) 12 ( 10 main 5 def 0
 39 LINS 36 { 32 LINS 28 void 24 : 14 ) 12 ( 10 main 5 def 0
 21 int 39 LINS 36 { 32 LINS 28 void 24 : 14 ) 12 ( 10 main 5 def 0
 INT 39 LINS 36 { 32 LINS 28 void 24 : 14 ) 12 ( 10 main 5 def 0
 18 INT 39 LINS 36 { 32 LINS 28 void 24 : 14 ) 12 ( 10 main 5 def 0
 DATA_TYPE 39 LINS 36 { 32 LINS 28 void 24 : 14 ) 12 ( 10 main 5 def 0
 53 DATA_TYPE 39 LINS 36 { 32 LINS 28 void 24 : 14 ) 12 ( 10 main 5 def 0
 74 ID 53 DATA_TYPE 39 LINS 36 { 32 LINS 28 void 24 : 14 ) 12 ( 10 main 5 def 0
 75 = 74 ID 53 DATA_TYPE 39 LINS 36 { 32 LINS 28 void 24 : 14 ) 12 ( 10 main 5 def 0
 65 INTEGER_LITERAL 75 = 74 ID 53 DATA_TYPE 39 LINS 36 { 32 LINS 28 void 24 : 14 ) 12 ( 10 main 5 def 0
 LITERAL 75 = 74 ID 53 DATA_TYPE 39 LINS 36 { 32 LINS 28 void 24 : 14 ) 12 ( 10 main 5 def 0
 56 LITERAL 75 = 74 ID 53 DATA_TYPE 39 LINS 36 { 32 LINS 28 void 24 : 14 ) 12 ( 10 main 5 def 0
 EXPRESSION 75 = 74 ID 53 DATA_TYPE 39 LINS 36 { 32 LINS 28 void 24 : 14 ) 12 ( 10 main 5 def 0
 90 EXPRESSION 75 = 74 ID 53 DATA_TYPE 39 LINS 36 { 32 LINS 28 void 24 : 14 ) 12 ( 10 main 5 def 0
 120 NL 90 EXPRESSION 75 = 74 ID 53 DATA_TYPE 39 LINS 36 { 32 LINS 28 void 24 : 14 ) 12 ( 10 main 5 def 0
 ASSIGNMENT 53 DATA_TYPE 39 LINS 36 { 32 LINS 28 void 24 : 14 ) 12 ( 10 main 5 def 0
 73 ASSIGNMENT 53 DATA_TYPE 39 LINS 36 { 32 LINS 28 void 24 : 14 ) 12 ( 10 main 5 def 0
 DECLARATION_ASSIGNMENT 39 LINS 36 { 32 LINS 28 void 24 : 14 ) 12 ( 10 main 5 def 0
 46 DECLARATION_ASSIGNMENT 39 LINS 36 { 32 LINS 28 void 24 : 14 ) 12 ( 10 main 5 def 0
 STATEMENT 39 LINS 36 { 32 LINS 28 void 24 : 14 ) 12 ( 10 main 5 def 0
 43 STATEMENT 39 LINS 36 { 32 LINS 28 void 24 : 14 ) 12 ( 10 main 5 def 0
 65 INTEGER_LITERAL 43 STATEMENT 39 LINS 36 { 32 LINS 28 void 24 : 14 ) 12 ( 10 main 5 def 0
 LITERAL 43 STATEMENT 39 LINS 36 { 32 LINS 28 void 24 : 14 ) 12 ( 10 main 5 def 0
 56 LITERAL 43 STATEMENT 39 LINS 36 { 32 LINS 28 void 24 : 14 ) 12 ( 10 main 5 def 0
 EXPRESSION 43 STATEMENT 39 LINS 36 { 32 LINS 28 void 24 : 14 ) 12 ( 10 main 5 def 0
 47 EXPRESSION 43 STATEMENT 39 LINS 36 { 32 LINS 28 void 24 : 14 ) 12 ( 10 main 5 def 0
 STATEMENTS 39 LINS 36 { 32 LINS 28 void 24 : 14 ) 12 ( 10 main 5 def 0
 42 STATEMENTS 39 LINS 36 { 32 LINS 28 void 24 : 14 ) 12 ( 10 main 5 def 0
